生成启动时间为 2019-9-20 21:02:49。
     1>项目“D:\编程之路\wentao666\2019.9.20\2019.9.20\2019.9.20.vcxproj”在节点 2 上(build 个目标)。
     1>PrepareForBuild:
         正在创建目录“D:\编程之路\wentao666\2019.9.20\Debug\”。
       InitializeBuildStatus:
         正在创建“Debug\2019.9.20.unsuccessfulbuild”，因为已指定“AlwaysCreate”。
       ClCompile:
         D:\wode\VS6.0\VC\bin\CL.exe /c /ZI /nologo /W3 /WX- /Od /Oy- /D _MBCS /Gm /EHsc /RTC1 /MDd /GS /fp:precise /Zc:wchar_t /Zc:forScope /Fo"Debug\\" /Fd"Debug\vc100.pdb" /Gd /TC /analyze- /errorReport:prompt contact.c test.c
         test.c
         contact.c
         正在生成代码...
       Link:
         D:\wode\VS6.0\VC\bin\link.exe /ERRORREPORT:PROMPT /OUT:"D:\编程之路\wentao666\2019.9.20\Debug\2019.9.20.exe" /NOLOGO kernel32.lib user32.lib gdi32.lib winspool.lib comdlg32.lib advapi32.lib shell32.lib ole32.lib oleaut32.lib uuid.lib odbc32.lib odbccp32.lib /MANIFEST /ManifestFile:"Debug\2019.9.20.exe.intermediate.manifest" /MANIFESTUAC:"level='asInvoker' uiAccess='false'" /DEBUG /PDB:"D:\编程之路\wentao666\2019.9.20\Debug\2019.9.20.pdb" /TLBID:1 /DYNAMICBASE /NXCOMPAT /IMPLIB:"D:\编程之路\wentao666\2019.9.20\Debug\2019.9.20.lib" /MACHINE:X86 Debug\contact.obj
         Debug\test.obj
         2019.9.20.vcxproj -> D:\编程之路\wentao666\2019.9.20\Debug\2019.9.20.exe
       Manifest:
         c:\Program Files (x86)\Microsoft SDKs\Windows\v7.0A\bin\mt.exe /nologo /verbose /outputresource:"D:\编程之路\wentao666\2019.9.20\Debug\2019.9.20.exe;#1" /manifest Debug\2019.9.20.exe.intermediate.manifest
       FinalizeBuildStatus:
         正在删除文件“Debug\2019.9.20.unsuccessfulbuild”。
         正在对“Debug\2019.9.20.lastbuildstate”执行 Touch 任务。
     1>已完成生成项目“D:\编程之路\wentao666\2019.9.20\2019.9.20\2019.9.20.vcxproj”(build 个目标)的操作。

生成成功。

已用时间 00:00:04.52
