生成启动时间为 2019-8-16 22:18:34。
     1>项目“D:\编程之路\比特科技\2019.8.16\2019.8.16\2019.8.16.vcxproj”在节点 2 上(build 个目标)。
     1>InitializeBuildStatus:
         正在创建“Debug\2019.8.16（三子棋）.unsuccessfulbuild”，因为已指定“AlwaysCreate”。
       ClCompile:
         D:\wode\VS6.0\VC\bin\CL.exe /c /ZI /nologo /W3 /WX- /Od /Oy- /D _MBCS /Gm /EHsc /RTC1 /MDd /GS /fp:precise /Zc:wchar_t /Zc:forScope /Fo"Debug\\" /Fd"Debug\vc100.pdb" /Gd /TC /analyze- /errorReport:prompt game.c
         game.c
     1>d:\编程之路\比特科技\2019.8.16\2019.8.16\game.c(40): warning C4996: 'scanf': This function or variable may be unsafe. Consider using scanf_s instead. To disable deprecation, use _CRT_SECURE_NO_WARNINGS. See online help for details.
                 d:\wode\vs6.0\vc\include\stdio.h(304) : 参见“scanf”的声明
       Link:
         D:\wode\VS6.0\VC\bin\link.exe /ERRORREPORT:PROMPT /OUT:"D:\编程之路\比特科技\2019.8.16\Debug\2019.8.16（三子棋）.exe" /NOLOGO kernel32.lib user32.lib gdi32.lib winspool.lib comdlg32.lib advapi32.lib shell32.lib ole32.lib oleaut32.lib uuid.lib odbc32.lib odbccp32.lib /MANIFEST /ManifestFile:"Debug\2019.8.16（三子棋）.exe.intermediate.manifest" /MANIFESTUAC:"level='asInvoker' uiAccess='false'" /DEBUG /PDB:"D:\编程之路\比特科技\2019.8.16\Debug\2019.8.16（三子棋）.pdb" /TLBID:1 /DYNAMICBASE /NXCOMPAT /IMPLIB:"D:\编程之路\比特科技\2019.8.16\Debug\2019.8.16（三子棋）.lib" /MACHINE:X86 Debug\game.obj
         Debug\test.obj
         LINK : 没有找到 D:\编程之路\比特科技\2019.8.16\Debug\2019.8.16（三子棋）.exe 或上一个增量链接没有生成它；正在执行完全链接
         2019.8.16.vcxproj -> D:\编程之路\比特科技\2019.8.16\Debug\2019.8.16（三子棋）.exe
       Manifest:
         c:\Program Files (x86)\Microsoft SDKs\Windows\v7.0A\bin\mt.exe /nologo /verbose /outputresource:"D:\编程之路\比特科技\2019.8.16\Debug\2019.8.16（三子棋）.exe;#1" /manifest "Debug\2019.8.16（三子棋）.exe.intermediate.manifest"
       FinalizeBuildStatus:
         正在删除文件“Debug\2019.8.16（三子棋）.unsuccessfulbuild”。
         正在对“Debug\2019.8.16（三子棋）.lastbuildstate”执行 Touch 任务。
     1>已完成生成项目“D:\编程之路\比特科技\2019.8.16\2019.8.16\2019.8.16.vcxproj”(build 个目标)的操作。

生成成功。

已用时间 00:00:01.87
